-------------------------------------------------------------------
         SDDP.jl (c) Oscar Dowson and contributors, 2017-23
-------------------------------------------------------------------
problem
  nodes           : 5
  state variables : 1
  scenarios       : 1.08000e+02
  existing cuts   : false
options
  solver          : serial mode
  risk measure    : SDDP.Expectation()
  sampling scheme : SDDP.InSampleMonteCarlo
subproblem structure
  VariableRef                             : [7, 7]
  AffExpr in MOI.EqualTo{Float64}         : [2, 2]
  VariableRef in MOI.GreaterThan{Float64} : [5, 5]
  VariableRef in MOI.LessThan{Float64}    : [1, 2]
numerical stability report
  matrix range     [1e+00, 1e+00]
  objective range  [1e+00, 2e+02]
  bounds range     [2e+02, 2e+02]
  rhs range        [2e+02, 2e+02]
-------------------------------------------------------------------
 iteration    simulation      bound        time (s)     solves  pid
-------------------------------------------------------------------
         1   5.625000e+04  1.991887e+03  7.664000e+00        18   1
        21   1.125000e+04  8.072917e+03  8.927000e+00       978   1
        40   2.437500e+04  8.072917e+03  8.965000e+00      1320   1
-------------------------------------------------------------------
status         : simulation_stopping
total time (s) : 8.965000e+00
total solves   : 1320
best bound     :  8.072917e+03
simulation ci  :  8.942093e+03 ± 3.101302e+03
numeric issues : 0
-------------------------------------------------------------------

